<?xml version="1.0" encoding="UTF-8"?>
<!-- Generated by org.testng.reporters.JUnitReportReporter -->
<testsuite hostname="DESKTOP-FTIU28S" failures="0" tests="3" name="Home_Page.VerifyLoginTab" time="13.111" errors="0" timestamp="2023-04-16T10:52:32 IST" skipped="1">
  <testcase classname="Home_Page.VerifyLoginTab" name="verifyAllTheOptionsPresentInLoginTab" time="0.000">
    <skipped/>
  </testcase> <!-- verifyAllTheOptionsPresentInLoginTab -->
  <system-out/>
  <testcase classname="Home_Page.VerifyLoginTab" name="verifyAllTheOptionsPresentInLoginTab" time="6.153"/>
  <system-out/>
  <testcase classname="Home_Page.VerifyLoginTab" name="verifyAllTheOptionsPresentInLoginTab" time="6.958"/>
  <system-out/>
</testsuite> <!-- Home_Page.VerifyLoginTab -->
