<?xml version="1.0" encoding="UTF-8"?>
<!-- Generated by org.testng.reporters.JUnitReportReporter -->
<testsuite hostname="DESKTOP-FTIU28S" failures="0" tests="14" name="Explore_Products_Tab.VerifyDepositsOption" time="414.135" errors="0" timestamp="2023-03-29T09:34:58 IST" skipped="0">
  <testcase classname="Explore_Products_Tab.VerifyDepositsOption" name="verifyAllTheOptionPresentInDepositsOption" time="6.413"/>
  <system-out/>
  <testcase classname="Explore_Products_Tab.VerifyDepositsOption" name="verifyAllTheOptionPresentInDepositsOption" time="14.977"/>
  <system-out/>
  <testcase classname="Explore_Products_Tab.VerifyDepositsOption" name="verifyTheDigitalFixedDepositOptionPresentInDepositsOption" time="13.711"/>
  <system-out/>
  <testcase classname="Explore_Products_Tab.VerifyDepositsOption" name="verifyTheDigitalFixedDepositOptionPresentInDepositsOption" time="118.659"/>
  <system-out/>
  <testcase classname="Explore_Products_Tab.VerifyDepositsOption" name="verifyTheFixedDepositsOptionPresentInDepositsOption" time="38.321"/>
  <system-out/>
  <testcase classname="Explore_Products_Tab.VerifyDepositsOption" name="verifyTheFixedDepositsOptionPresentInDepositsOption" time="42.140"/>
  <system-out/>
  <testcase classname="Explore_Products_Tab.VerifyDepositsOption" name="verifyTheRecurringDepositsOptionPresentInDepositsOption" time="16.565"/>
  <system-out/>
  <testcase classname="Explore_Products_Tab.VerifyDepositsOption" name="verifyTheRecurringDepositsOptionPresentInDepositsOption" time="22.834"/>
  <system-out/>
  <testcase classname="Explore_Products_Tab.VerifyDepositsOption" name="verifyTheTaxSaverFixedDepositOptionPresentInDepositsOption" time="23.492"/>
  <system-out/>
  <testcase classname="Explore_Products_Tab.VerifyDepositsOption" name="verifyTheTaxSaverFixedDepositOptionPresentInDepositsOption" time="13.376"/>
  <system-out/>
  <testcase classname="Explore_Products_Tab.VerifyDepositsOption" name="verifyTheFixedDepositPlusOptionPresentInDepositsOption" time="15.500"/>
  <system-out/>
  <testcase classname="Explore_Products_Tab.VerifyDepositsOption" name="verifyTheFixedDepositPlusOptionPresentInDepositsOption" time="20.779"/>
  <system-out/>
  <testcase classname="Explore_Products_Tab.VerifyDepositsOption" name="verifyTheAutoFixedDepositOptionPresentInDepositsOption" time="44.809"/>
  <system-out/>
  <testcase classname="Explore_Products_Tab.VerifyDepositsOption" name="verifyTheAutoFixedDepositOptionPresentInDepositsOption" time="22.559"/>
  <system-out/>
</testsuite> <!-- Explore_Products_Tab.VerifyDepositsOption -->
