<?xml version="1.0" encoding="UTF-8"?>
<!-- Generated by org.testng.reporters.JUnitReportReporter -->
<testsuite hostname="DESKTOP-FTIU28S" failures="0" tests="41" name="Explore_Products_Tab.VerifyAccountsOption" time="320.990" errors="3" timestamp="2023-04-15T04:18:58 IST" skipped="20">
  <testcase classname="Explore_Products_Tab.VerifyAccountsOption" name="openBrowser" time="11.454">
    <error message="disconnected: not connected to DevTools
  (failed to check if window was closed: disconnected: not connected to DevTools)
  (Session info: MicrosoftEdge=112.0.1722.46)
Build info: version: &#039;3.141.59&#039;, revision: &#039;e82be7d358&#039;, time: &#039;2018-11-14T08:17:03&#039;
System info: host: &#039;DESKTOP-FTIU28S&#039;, ip: &#039;192.168.184.1&#039;, os.name: &#039;Windows 11&#039;, os.arch: &#039;amd64&#039;, os.version: &#039;10.0&#039;, java.version: &#039;17.0.5&#039;
Driver info: driver.version: EdgeDriver
remote stacktrace: Backtrace:
	Microsoft::Applications::Events::EventProperties::SetProperty [0x00007FF7E80DA5B2+12658]
	Microsoft::Applications::Events::EventProperty::EventProperty [0x00007FF7E8072852+747634]
	(No symbol) [0x00007FF7E7D0DD2E]
	(No symbol) [0x00007FF7E7CF7C01]
	(No symbol) [0x00007FF7E7CF9001]
	(No symbol) [0x00007FF7E7CF8F30]
	(No symbol) [0x00007FF7E7CE6202]
	(No symbol) [0x00007FF7E7CE5D7A]
	(No symbol) [0x00007FF7E7D77316]
	(No symbol) [0x00007FF7E7D6F1C3]
	(No symbol) [0x00007FF7E7D417D6]
	(No symbol) [0x00007FF7E7D409B5]
	(No symbol) [0x00007FF7E7D41F44]
	Microsoft::Applications::Events::EventProperties::SetProperty [0x00007FF7E7F85520+147088]
	(No symbol) [0x00007FF7E7E291B6]
	Microsoft::Applications::Events::EventProperty::EventProperty [0x00007FF7E7FC4487+33959]
	Microsoft::Applications::Events::EventProperty::EventProperty [0x00007FF7E7FC7F55+49013]
	Microsoft::Applications::Events::ILogManager::DispatchEventBroadcast [0x00007FF7E82B9923+1305299]
	Microsoft::Applications::Events::EventProperty::EventProperty [0x00007FF7E807AE0C+781868]
	Microsoft::Applications::Events::EventProperty::EventProperty [0x00007FF7E8080334+803668]
	Microsoft::Applications::Events::EventProperty::EventProperty [0x00007FF7E808048C+804012]
	Microsoft::Applications::Events::EventProperty::EventProperty [0x00007FF7E8088591+837041]
	BaseThreadInitThunk [0x00007FFA06BD269D+29]
	RtlUserThreadStart [0x00007FFA07FEA9F8+40]
" type="org.openqa.selenium.WebDriverException">
      <![CDATA[org.openqa.selenium.WebDriverException: disconnected: not connected to DevTools
  (failed to check if window was closed: disconnected: not connected to DevTools)
  (Session info: MicrosoftEdge=112.0.1722.46)
Build info: version: '3.141.59', revision: 'e82be7d358', time: '2018-11-14T08:17:03'
System info: host: 'DESKTOP-FTIU28S', ip: '192.168.184.1', os.name: 'Windows 11', os.arch: 'amd64', os.version: '10.0', java.version: '17.0.5'
Driver info: driver.version: EdgeDriver
remote stacktrace: Backtrace:
Microsoft::Applications::Events::EventProperties::SetProperty [0x00007FF7E80DA5B2+12658]
Microsoft::Applications::Events::EventProperty::EventProperty [0x00007FF7E8072852+747634]
(No symbol) [0x00007FF7E7D0DD2E]
(No symbol) [0x00007FF7E7CF7C01]
(No symbol) [0x00007FF7E7CF9001]
(No symbol) [0x00007FF7E7CF8F30]
(No symbol) [0x00007FF7E7CE6202]
(No symbol) [0x00007FF7E7CE5D7A]
(No symbol) [0x00007FF7E7D77316]
(No symbol) [0x00007FF7E7D6F1C3]
(No symbol) [0x00007FF7E7D417D6]
(No symbol) [0x00007FF7E7D409B5]
(No symbol) [0x00007FF7E7D41F44]
Microsoft::Applications::Events::EventProperties::SetProperty [0x00007FF7E7F85520+147088]
(No symbol) [0x00007FF7E7E291B6]
Microsoft::Applications::Events::EventProperty::EventProperty [0x00007FF7E7FC4487+33959]
Microsoft::Applications::Events::EventProperty::EventProperty [0x00007FF7E7FC7F55+49013]
Microsoft::Applications::Events::ILogManager::DispatchEventBroadcast [0x00007FF7E82B9923+1305299]
Microsoft::Applications::Events::EventProperty::EventProperty [0x00007FF7E807AE0C+781868]
Microsoft::Applications::Events::EventProperty::EventProperty [0x00007FF7E8080334+803668]
Microsoft::Applications::Events::EventProperty::EventProperty [0x00007FF7E808048C+804012]
Microsoft::Applications::Events::EventProperty::EventProperty [0x00007FF7E8088591+837041]
BaseThreadInitThunk [0x00007FFA06BD269D+29]
RtlUserThreadStart [0x00007FFA07FEA9F8+40]

at java.base/jdk.internal.reflect.NativeConstructorAccessorImpl.newInstance0(Native Method)
at java.base/jdk.internal.reflect.NativeConstructorAccessorImpl.newInstance(NativeConstructorAccessorImpl.java:77)
at java.base/jdk.internal.reflect.DelegatingConstructorAccessorImpl.newInstance(DelegatingConstructorAccessorImpl.java:45)
at java.base/java.lang.reflect.Constructor.newInstanceWithCaller(Constructor.java:499)
at java.base/java.lang.reflect.Constructor.newInstance(Constructor.java:480)
at org.openqa.selenium.remote.W3CHandshakeResponse.lambda$errorHandler$0(W3CHandshakeResponse.java:62)
at org.openqa.selenium.remote.HandshakeResponse.lambda$getResponseFunction$0(HandshakeResponse.java:30)
at org.openqa.selenium.remote.ProtocolHandshake.lambda$createSession$0(ProtocolHandshake.java:126)
at java.base/java.util.stream.ReferencePipeline$3$1.accept(ReferencePipeline.java:197)
at java.base/java.util.Spliterators$ArraySpliterator.tryAdvance(Spliterators.java:1002)
at java.base/java.util.stream.ReferencePipeline.forEachWithCancel(ReferencePipeline.java:129)
at java.base/java.util.stream.AbstractPipeline.copyIntoWithCancel(AbstractPipeline.java:527)
at java.base/java.util.stream.AbstractPipeline.copyInto(AbstractPipeline.java:513)
at java.base/java.util.stream.AbstractPipeline.wrapAndCopyInto(AbstractPipeline.java:499)
at java.base/java.util.stream.FindOps$FindOp.evaluateSequential(FindOps.java:150)
at java.base/java.util.stream.AbstractPipeline.evaluate(AbstractPipeline.java:234)
at java.base/java.util.stream.ReferencePipeline.findFirst(ReferencePipeline.java:647)
at org.openqa.selenium.remote.ProtocolHandshake.createSession(ProtocolHandshake.java:128)
at org.openqa.selenium.remote.ProtocolHandshake.createSession(ProtocolHandshake.java:74)
at org.openqa.selenium.remote.HttpCommandExecutor.execute(HttpCommandExecutor.java:136)
at org.openqa.selenium.remote.service.DriverCommandExecutor.execute(DriverCommandExecutor.java:83)
at org.openqa.selenium.remote.RemoteWebDriver.execute(RemoteWebDriver.java:552)
at org.openqa.selenium.remote.RemoteWebDriver.startSession(RemoteWebDriver.java:213)
at org.openqa.selenium.remote.RemoteWebDriver.<init>(RemoteWebDriver.java:131)
at org.openqa.selenium.edge.EdgeDriver.<init>(EdgeDriver.java:141)
at org.openqa.selenium.edge.EdgeDriver.<init>(EdgeDriver.java:96)
at Browser_Setup.Base.openEdgeBrowser(Base.java:27)
at Explore_Products_Tab.VerifyAccountsOption.openBrowser(VerifyAccountsOption.java:45)
at java.base/jdk.internal.reflect.NativeMethodAccessorImpl.invoke0(Native Method)
at java.base/jdk.internal.reflect.NativeMethodAccessorImpl.invoke(NativeMethodAccessorImpl.java:77)
at java.base/jdk.internal.reflect.DelegatingMethodAccessorImpl.invoke(DelegatingMethodAccessorImpl.java:43)
at java.base/java.lang.reflect.Method.invoke(Method.java:568)
at org.testng.internal.MethodInvocationHelper.invokeMethod(MethodInvocationHelper.java:133)
at org.testng.internal.MethodInvocationHelper.invokeMethodConsideringTimeout(MethodInvocationHelper.java:62)
at org.testng.internal.ConfigInvoker.invokeConfigurationMethod(ConfigInvoker.java:385)
at org.testng.internal.ConfigInvoker.invokeConfigurations(ConfigInvoker.java:321)
at org.testng.TestRunner.invokeTestConfigurations(TestRunner.java:637)
at org.testng.TestRunner.beforeRun(TestRunner.java:627)
at org.testng.TestRunner.run(TestRunner.java:589)
at org.testng.SuiteRunner.runTest(SuiteRunner.java:377)
at org.testng.SuiteRunner.access$000(SuiteRunner.java:28)
at org.testng.SuiteRunner$SuiteWorker.run(SuiteRunner.java:418)
at org.testng.internal.thread.ThreadUtil.lambda$execute$0(ThreadUtil.java:64)
at java.base/java.util.concurrent.FutureTask.run(FutureTask.java:264)
at java.base/java.util.concurrent.ThreadPoolExecutor.runWorker(ThreadPoolExecutor.java:1136)
at java.base/java.util.concurrent.ThreadPoolExecutor$Worker.run(ThreadPoolExecutor.java:635)
at java.base/java.lang.Thread.run(Thread.java:833)
]]>
    </error>
  </testcase> <!-- openBrowser -->
  <system-out/>
  <testcase classname="Explore_Products_Tab.VerifyAccountsOption" name="launchWebApplication" time="6.062">
    <error message="Browsing context has been discarded
Build info: version: &#039;3.141.59&#039;, revision: &#039;e82be7d358&#039;, time: &#039;2018-11-14T08:17:03&#039;
System info: host: &#039;DESKTOP-FTIU28S&#039;, ip: &#039;192.168.184.1&#039;, os.name: &#039;Windows 11&#039;, os.arch: &#039;amd64&#039;, os.version: &#039;10.0&#039;, java.version: &#039;17.0.5&#039;
Driver info: org.openqa.selenium.firefox.FirefoxDriver
Capabilities {acceptInsecureCerts: true, browserName: firefox, browserVersion: 112.0, javascriptEnabled: true, moz:accessibilityChecks: false, moz:buildID: 20230406114409, moz:geckodriverVersion: 0.32.2, moz:headless: false, moz:platformVersion: 10.0, moz:processID: 23216, moz:profile: C:\Users\Akash\AppData\Loca..., moz:shutdownTimeout: 60000, moz:useNonSpecCompliantPointerOrigin: false, moz:webdriverClick: true, moz:windowless: false, pageLoadStrategy: normal, platform: WINDOWS, platformName: WINDOWS, proxy: Proxy(), setWindowRect: true, strictFileInteractability: false, timeouts: {implicit: 0, pageLoad: 300000, script: 30000}, unhandledPromptBehavior: dismiss and notify}
Session ID: 8f6f431e-33cd-4fc6-87d9-2b43245869f1" type="org.openqa.selenium.NoSuchWindowException">
      <![CDATA[org.openqa.selenium.NoSuchWindowException: Browsing context has been discarded
Build info: version: '3.141.59', revision: 'e82be7d358', time: '2018-11-14T08:17:03'
System info: host: 'DESKTOP-FTIU28S', ip: '192.168.184.1', os.name: 'Windows 11', os.arch: 'amd64', os.version: '10.0', java.version: '17.0.5'
Driver info: org.openqa.selenium.firefox.FirefoxDriver
Capabilities {acceptInsecureCerts: true, browserName: firefox, browserVersion: 112.0, javascriptEnabled: true, moz:accessibilityChecks: false, moz:buildID: 20230406114409, moz:geckodriverVersion: 0.32.2, moz:headless: false, moz:platformVersion: 10.0, moz:processID: 23216, moz:profile: C:\Users\Akash\AppData\Loca..., moz:shutdownTimeout: 60000, moz:useNonSpecCompliantPointerOrigin: false, moz:webdriverClick: true, moz:windowless: false, pageLoadStrategy: normal, platform: WINDOWS, platformName: WINDOWS, proxy: Proxy(), setWindowRect: true, strictFileInteractability: false, timeouts: {implicit: 0, pageLoad: 300000, script: 30000}, unhandledPromptBehavior: dismiss and notify}
Session ID: 8f6f431e-33cd-4fc6-87d9-2b43245869f1
at java.base/jdk.internal.reflect.NativeConstructorAccessorImpl.newInstance0(Native Method)
at java.base/jdk.internal.reflect.NativeConstructorAccessorImpl.newInstance(NativeConstructorAccessorImpl.java:77)
at java.base/jdk.internal.reflect.DelegatingConstructorAccessorImpl.newInstance(DelegatingConstructorAccessorImpl.java:45)
at java.base/java.lang.reflect.Constructor.newInstanceWithCaller(Constructor.java:499)
at java.base/java.lang.reflect.Constructor.newInstance(Constructor.java:480)
at org.openqa.selenium.remote.http.W3CHttpResponseCodec.createException(W3CHttpResponseCodec.java:187)
at org.openqa.selenium.remote.http.W3CHttpResponseCodec.decode(W3CHttpResponseCodec.java:122)
at org.openqa.selenium.remote.http.W3CHttpResponseCodec.decode(W3CHttpResponseCodec.java:49)
at org.openqa.selenium.remote.HttpCommandExecutor.execute(HttpCommandExecutor.java:158)
at org.openqa.selenium.remote.service.DriverCommandExecutor.execute(DriverCommandExecutor.java:83)
at org.openqa.selenium.remote.RemoteWebDriver.execute(RemoteWebDriver.java:552)
at org.openqa.selenium.remote.RemoteWebDriver.get(RemoteWebDriver.java:277)
at Explore_Products_Tab.VerifyAccountsOption.launchWebApplication(VerifyAccountsOption.java:65)
at java.base/jdk.internal.reflect.NativeMethodAccessorImpl.invoke0(Native Method)
at java.base/jdk.internal.reflect.NativeMethodAccessorImpl.invoke(NativeMethodAccessorImpl.java:77)
at java.base/jdk.internal.reflect.DelegatingMethodAccessorImpl.invoke(DelegatingMethodAccessorImpl.java:43)
at java.base/java.lang.reflect.Method.invoke(Method.java:568)
at org.testng.internal.MethodInvocationHelper.invokeMethod(MethodInvocationHelper.java:133)
at org.testng.internal.MethodInvocationHelper.invokeMethodConsideringTimeout(MethodInvocationHelper.java:62)
at org.testng.internal.ConfigInvoker.invokeConfigurationMethod(ConfigInvoker.java:385)
at org.testng.internal.ConfigInvoker.invokeConfigurations(ConfigInvoker.java:321)
at org.testng.internal.TestInvoker.runConfigMethods(TestInvoker.java:700)
at org.testng.internal.TestInvoker.invokeMethod(TestInvoker.java:527)
at org.testng.internal.TestInvoker.invokeTestMethod(TestInvoker.java:173)
at org.testng.internal.MethodRunner.runInSequence(MethodRunner.java:46)
at org.testng.internal.TestInvoker$MethodInvocationAgent.invoke(TestInvoker.java:824)
at org.testng.internal.TestInvoker.invokeTestMethods(TestInvoker.java:146)
at org.testng.internal.TestMethodWorker.invokeTestMethods(TestMethodWorker.java:146)
at org.testng.internal.TestMethodWorker.run(TestMethodWorker.java:128)
at java.base/java.util.concurrent.ThreadPoolExecutor.runWorker(ThreadPoolExecutor.java:1136)
at java.base/java.util.concurrent.ThreadPoolExecutor$Worker.run(ThreadPoolExecutor.java:635)
at java.base/java.lang.Thread.run(Thread.java:833)
]]>
    </error>
  </testcase> <!-- launchWebApplication -->
  <system-out/>
  <testcase classname="Explore_Products_Tab.VerifyAccountsOption" name="verifyAllTheOptionsPresentInAccountsOption" time="0.000">
    <skipped/>
  </testcase> <!-- verifyAllTheOptionsPresentInAccountsOption -->
  <system-out/>
  <testcase classname="Explore_Products_Tab.VerifyAccountsOption" name="verifyAllTheOptionsPresentInAccountsOption" time="14.560"/>
  <system-out/>
  <testcase classname="Explore_Products_Tab.VerifyAccountsOption" name="verifyAllTheOptionsPresentInAccountsOption" time="8.535"/>
  <system-out/>
  <testcase classname="Explore_Products_Tab.VerifyAccountsOption" name="verifyTheSavingAccountOptionPresentInAccountsOption" time="44.710"/>
  <system-out/>
  <testcase classname="Explore_Products_Tab.VerifyAccountsOption" name="verifyTheSavingAccountOptionPresentInAccountsOption" time="0.000">
    <skipped/>
  </testcase> <!-- verifyTheSavingAccountOptionPresentInAccountsOption -->
  <system-out/>
  <testcase classname="Explore_Products_Tab.VerifyAccountsOption" name="verifyTheSavingAccountOptionPresentInAccountsOption" time="11.526"/>
  <system-out/>
  <testcase classname="Explore_Products_Tab.VerifyAccountsOption" name="verifyTheSilverLiningsProgramOptionPresentInAccountsOption" time="29.633"/>
  <system-out/>
  <testcase classname="Explore_Products_Tab.VerifyAccountsOption" name="verifyTheSilverLiningsProgramOptionPresentInAccountsOption" time="0.000">
    <skipped/>
  </testcase> <!-- verifyTheSilverLiningsProgramOptionPresentInAccountsOption -->
  <system-out/>
  <testcase classname="Explore_Products_Tab.VerifyAccountsOption" name="verifyTheSilverLiningsProgramOptionPresentInAccountsOption" time="28.719"/>
  <system-out/>
  <testcase classname="Explore_Products_Tab.VerifyAccountsOption" name="verifyTheSalaryAccountOptionPresentInAccountsOption" time="0.000">
    <skipped/>
  </testcase> <!-- verifyTheSalaryAccountOptionPresentInAccountsOption -->
  <system-out/>
  <testcase classname="Explore_Products_Tab.VerifyAccountsOption" name="verifyTheSalaryAccountOptionPresentInAccountsOption" time="12.835"/>
  <system-out/>
  <testcase classname="Explore_Products_Tab.VerifyAccountsOption" name="verifyTheSalaryAccountOptionPresentInAccountsOption" time="10.067"/>
  <system-out/>
  <testcase classname="Explore_Products_Tab.VerifyAccountsOption" name="verifyTheTrustNgoSavingsAccountOptionPresentInAccountsOption" time="9.484"/>
  <system-out/>
  <testcase classname="Explore_Products_Tab.VerifyAccountsOption" name="verifyTheTrustNgoSavingsAccountOptionPresentInAccountsOption" time="0.000">
    <skipped/>
  </testcase> <!-- verifyTheTrustNgoSavingsAccountOptionPresentInAccountsOption -->
  <system-out/>
  <testcase classname="Explore_Products_Tab.VerifyAccountsOption" name="verifyTheTrustNgoSavingsAccountOptionPresentInAccountsOption" time="17.819"/>
  <system-out/>
  <testcase classname="Explore_Products_Tab.VerifyAccountsOption" name="verifyThePensionDisbursementAccountOptionPresentInAccountsOption" time="0.012">
    <error message="java.lang.reflect.InvocationTargetException
Build info: version: &#039;3.141.59&#039;, revision: &#039;e82be7d358&#039;, time: &#039;2018-11-14T08:17:03&#039;
System info: host: &#039;DESKTOP-FTIU28S&#039;, ip: &#039;192.168.184.1&#039;, os.name: &#039;Windows 11&#039;, os.arch: &#039;amd64&#039;, os.version: &#039;10.0&#039;, java.version: &#039;17.0.5&#039;
Driver info: driver.version: RemoteWebDriver" type="org.openqa.selenium.json.JsonException">
      <![CDATA[org.openqa.selenium.json.JsonException: java.lang.reflect.InvocationTargetException
Build info: version: '3.141.59', revision: 'e82be7d358', time: '2018-11-14T08:17:03'
System info: host: 'DESKTOP-FTIU28S', ip: '192.168.184.1', os.name: 'Windows 11', os.arch: 'amd64', os.version: '10.0', java.version: '17.0.5'
Driver info: driver.version: RemoteWebDriver
at org.openqa.selenium.json.JsonOutput.convertUsingMethod(JsonOutput.java:332)
at org.openqa.selenium.json.JsonOutput.lambda$new$16(JsonOutput.java:155)
at org.openqa.selenium.json.JsonOutput.write(JsonOutput.java:264)
at org.openqa.selenium.json.JsonOutput.lambda$null$21(JsonOutput.java:168)
at java.base/java.util.LinkedHashMap$LinkedValues.forEach(LinkedHashMap.java:647)
at org.openqa.selenium.json.JsonOutput.lambda$new$22(JsonOutput.java:168)
at org.openqa.selenium.json.JsonOutput.write(JsonOutput.java:264)
at org.openqa.selenium.json.JsonOutput.lambda$null$23(JsonOutput.java:177)
at com.google.common.collect.SingletonImmutableBiMap.forEach(SingletonImmutableBiMap.java:65)
at org.openqa.selenium.json.JsonOutput.lambda$new$24(JsonOutput.java:176)
at org.openqa.selenium.json.JsonOutput.write(JsonOutput.java:264)
at org.openqa.selenium.json.JsonOutput.write(JsonOutput.java:255)
at org.openqa.selenium.json.Json.toJson(Json.java:42)
at org.openqa.selenium.remote.http.AbstractHttpCommandCodec.encode(AbstractHttpCommandCodec.java:227)
at org.openqa.selenium.remote.http.AbstractHttpCommandCodec.encode(AbstractHttpCommandCodec.java:117)
at org.openqa.selenium.remote.HttpCommandExecutor.execute(HttpCommandExecutor.java:152)
at org.openqa.selenium.remote.service.DriverCommandExecutor.execute(DriverCommandExecutor.java:83)
at org.openqa.selenium.remote.RemoteWebDriver.execute(RemoteWebDriver.java:552)
at org.openqa.selenium.remote.RemoteWebDriver.perform(RemoteWebDriver.java:618)
at org.openqa.selenium.interactions.Actions$BuiltAction.perform(Actions.java:639)
at org.openqa.selenium.interactions.Actions.perform(Actions.java:595)
at Personal_Tabs.ExploreProductTab.goToExploreProductTab(ExploreProductTab.java:72)
at Explore_Products_Tab.VerifyAccountsOption.verifyThePensionDisbursementAccountOptionPresentInAccountsOption(VerifyAccountsOption.java:273)
at java.base/jdk.internal.reflect.NativeMethodAccessorImpl.invoke0(Native Method)
at java.base/jdk.internal.reflect.NativeMethodAccessorImpl.invoke(NativeMethodAccessorImpl.java:77)
at java.base/jdk.internal.reflect.DelegatingMethodAccessorImpl.invoke(DelegatingMethodAccessorImpl.java:43)
at java.base/java.lang.reflect.Method.invoke(Method.java:568)
at org.testng.internal.MethodInvocationHelper.invokeMethod(MethodInvocationHelper.java:133)
at org.testng.internal.TestInvoker.invokeMethod(TestInvoker.java:598)
at org.testng.internal.TestInvoker.invokeTestMethod(TestInvoker.java:173)
at org.testng.internal.MethodRunner.runInSequence(MethodRunner.java:46)
at org.testng.internal.TestInvoker$MethodInvocationAgent.invoke(TestInvoker.java:824)
at org.testng.internal.TestInvoker.invokeTestMethods(TestInvoker.java:146)
at org.testng.internal.TestMethodWorker.invokeTestMethods(TestMethodWorker.java:146)
at org.testng.internal.TestMethodWorker.run(TestMethodWorker.java:128)
at java.base/java.util.concurrent.ThreadPoolExecutor.runWorker(ThreadPoolExecutor.java:1136)
at java.base/java.util.concurrent.ThreadPoolExecutor$Worker.run(ThreadPoolExecutor.java:635)
at java.base/java.lang.Thread.run(Thread.java:833)
Suppressed: org.openqa.selenium.json.JsonException: Attempting to close incomplete json stream
Build info: version: '3.141.59', revision: 'e82be7d358', time: '2018-11-14T08:17:03'
System info: host: 'DESKTOP-FTIU28S', ip: '192.168.184.1', os.name: 'Windows 11', os.arch: 'amd64', os.version: '10.0', java.version: '17.0.5'
Driver info: driver.version: RemoteWebDriver
at org.openqa.selenium.json.JsonOutput.close(JsonOutput.java:279)
at org.openqa.selenium.json.Json.toJson(Json.java:44)
... 25 more
Caused by: java.lang.reflect.InvocationTargetException
at jdk.internal.reflect.GeneratedMethodAccessor2.invoke(Unknown Source)
at java.base/jdk.internal.reflect.DelegatingMethodAccessorImpl.invoke(DelegatingMethodAccessorImpl.java:43)
at java.base/java.lang.reflect.Method.invoke(Method.java:568)
at org.openqa.selenium.json.JsonOutput.convertUsingMethod(JsonOutput.java:328)
... 37 more
Caused by: org.openqa.selenium.NoSuchWindowException: Browsing context has been discarded
Build info: version: '3.141.59', revision: 'e82be7d358', time: '2018-11-14T08:17:03'
System info: host: 'DESKTOP-FTIU28S', ip: '192.168.184.1', os.name: 'Windows 11', os.arch: 'amd64', os.version: '10.0', java.version: '17.0.5'
Driver info: org.openqa.selenium.firefox.FirefoxDriver
Capabilities {acceptInsecureCerts: true, browserName: firefox, browserVersion: 112.0, javascriptEnabled: true, moz:accessibilityChecks: false, moz:buildID: 20230406114409, moz:geckodriverVersion: 0.32.2, moz:headless: false, moz:platformVersion: 10.0, moz:processID: 23216, moz:profile: C:\Users\Akash\AppData\Loca..., moz:shutdownTimeout: 60000, moz:useNonSpecCompliantPointerOrigin: false, moz:webdriverClick: true, moz:windowless: false, pageLoadStrategy: normal, platform: WINDOWS, platformName: WINDOWS, proxy: Proxy(), setWindowRect: true, strictFileInteractability: false, timeouts: {implicit: 0, pageLoad: 300000, script: 30000}, unhandledPromptBehavior: dismiss and notify}
Session ID: 8f6f431e-33cd-4fc6-87d9-2b43245869f1
*** Element info: {Using=xpath, value=//a[text()='Explore Products']}
at java.base/jdk.internal.reflect.NativeConstructorAccessorImpl.newInstance0(Native Method)
at java.base/jdk.internal.reflect.NativeConstructorAccessorImpl.newInstance(NativeConstructorAccessorImpl.java:77)
at java.base/jdk.internal.reflect.DelegatingConstructorAccessorImpl.newInstance(DelegatingConstructorAccessorImpl.java:45)
at java.base/java.lang.reflect.Constructor.newInstanceWithCaller(Constructor.java:499)
at java.base/java.lang.reflect.Constructor.newInstance(Constructor.java:480)
at org.openqa.selenium.remote.http.W3CHttpResponseCodec.createException(W3CHttpResponseCodec.java:187)
at org.openqa.selenium.remote.http.W3CHttpResponseCodec.decode(W3CHttpResponseCodec.java:122)
at org.openqa.selenium.remote.http.W3CHttpResponseCodec.decode(W3CHttpResponseCodec.java:49)
at org.openqa.selenium.remote.HttpCommandExecutor.execute(HttpCommandExecutor.java:158)
at org.openqa.selenium.remote.service.DriverCommandExecutor.execute(DriverCommandExecutor.java:83)
at org.openqa.selenium.remote.RemoteWebDriver.execute(RemoteWebDriver.java:552)
at org.openqa.selenium.remote.RemoteWebDriver.findElement(RemoteWebDriver.java:323)
at org.openqa.selenium.remote.RemoteWebDriver.findElementByXPath(RemoteWebDriver.java:428)
at org.openqa.selenium.By$ByXPath.findElement(By.java:353)
at org.openqa.selenium.remote.RemoteWebDriver.findElement(RemoteWebDriver.java:315)
at org.openqa.selenium.support.pagefactory.DefaultElementLocator.findElement(DefaultElementLocator.java:69)
at org.openqa.selenium.support.pagefactory.internal.LocatingElementHandler.invoke(LocatingElementHandler.java:38)
at jdk.proxy2/jdk.proxy2.$Proxy17.getWrappedElement(Unknown Source)
at org.openqa.selenium.interactions.PointerInput$Origin.asArg(PointerInput.java:204)
at org.openqa.selenium.interactions.PointerInput$Move.encode(PointerInput.java:155)
at org.openqa.selenium.interactions.Sequence.encode(Sequence.java:75)
at org.openqa.selenium.interactions.Sequence.toJson(Sequence.java:84)
... 41 more
]]>
    </error>
  </testcase> <!-- verifyThePensionDisbursementAccountOptionPresentInAccountsOption -->
  <system-out/>
  <testcase classname="Explore_Products_Tab.VerifyAccountsOption" name="verifyThePensionDisbursementAccountOptionPresentInAccountsOption" time="7.522"/>
  <system-out/>
  <testcase classname="Explore_Products_Tab.VerifyAccountsOption" name="verifyThePensionDisbursementAccountOptionPresentInAccountsOption" time="0.000">
    <skipped/>
  </testcase> <!-- verifyThePensionDisbursementAccountOptionPresentInAccountsOption -->
  <system-out/>
  <testcase classname="Explore_Products_Tab.VerifyAccountsOption" name="verifyThePublicProvidentFundOptionPresentInAccountsOption" time="0.000">
    <skipped/>
  </testcase> <!-- verifyThePublicProvidentFundOptionPresentInAccountsOption -->
  <system-out/>
  <testcase classname="Explore_Products_Tab.VerifyAccountsOption" name="verifyThePublicProvidentFundOptionPresentInAccountsOption" time="19.053"/>
  <system-out/>
  <testcase classname="Explore_Products_Tab.VerifyAccountsOption" name="verifyThePublicProvidentFundOptionPresentInAccountsOption" time="0.000">
    <skipped/>
  </testcase> <!-- verifyThePublicProvidentFundOptionPresentInAccountsOption -->
  <system-out/>
  <testcase classname="Explore_Products_Tab.VerifyAccountsOption" name="verifyThePMJDYOptionPresentInAccountsOption" time="4.732"/>
  <system-out/>
  <testcase classname="Explore_Products_Tab.VerifyAccountsOption" name="verifyThePMJDYOptionPresentInAccountsOption" time="0.000">
    <skipped/>
  </testcase> <!-- verifyThePMJDYOptionPresentInAccountsOption -->
  <system-out/>
  <testcase classname="Explore_Products_Tab.VerifyAccountsOption" name="verifyThePMJDYOptionPresentInAccountsOption" time="0.000">
    <skipped/>
  </testcase> <!-- verifyThePMJDYOptionPresentInAccountsOption -->
  <system-out/>
  <testcase classname="Explore_Products_Tab.VerifyAccountsOption" name="verifyTheSafeDepositLockerOptionPresentInAccountsOption" time="14.872"/>
  <system-out/>
  <testcase classname="Explore_Products_Tab.VerifyAccountsOption" name="verifyTheSafeDepositLockerOptionPresentInAccountsOption" time="0.000">
    <skipped/>
  </testcase> <!-- verifyTheSafeDepositLockerOptionPresentInAccountsOption -->
  <system-out/>
  <testcase classname="Explore_Products_Tab.VerifyAccountsOption" name="verifyTheSafeDepositLockerOptionPresentInAccountsOption" time="0.000">
    <skipped/>
  </testcase> <!-- verifyTheSafeDepositLockerOptionPresentInAccountsOption -->
  <system-out/>
  <testcase classname="Explore_Products_Tab.VerifyAccountsOption" name="verifyTheSafeCustodyOptionPresentInAccountsOption" time="0.000">
    <skipped/>
  </testcase> <!-- verifyTheSafeCustodyOptionPresentInAccountsOption -->
  <system-out/>
  <testcase classname="Explore_Products_Tab.VerifyAccountsOption" name="verifyTheSafeCustodyOptionPresentInAccountsOption" time="0.000">
    <skipped/>
  </testcase> <!-- verifyTheSafeCustodyOptionPresentInAccountsOption -->
  <system-out/>
  <testcase classname="Explore_Products_Tab.VerifyAccountsOption" name="verifyTheSafeCustodyOptionPresentInAccountsOption" time="25.881"/>
  <system-out/>
  <testcase classname="Explore_Products_Tab.VerifyAccountsOption" name="verifyTheCurrentAccountOptionPresentInAccountsOption" time="16.606"/>
  <system-out/>
  <testcase classname="Explore_Products_Tab.VerifyAccountsOption" name="verifyTheCurrentAccountOptionPresentInAccountsOption" time="0.000">
    <skipped/>
  </testcase> <!-- verifyTheCurrentAccountOptionPresentInAccountsOption -->
  <system-out/>
  <testcase classname="Explore_Products_Tab.VerifyAccountsOption" name="verifyTheCurrentAccountOptionPresentInAccountsOption" time="0.000">
    <skipped/>
  </testcase> <!-- verifyTheCurrentAccountOptionPresentInAccountsOption -->
  <system-out/>
  <testcase classname="Explore_Products_Tab.VerifyAccountsOption" name="verifyTheAxisDirectInvestAccountOptionPresentInAccountsOption" time="0.000">
    <skipped/>
  </testcase> <!-- verifyTheAxisDirectInvestAccountOptionPresentInAccountsOption -->
  <system-out/>
  <testcase classname="Explore_Products_Tab.VerifyAccountsOption" name="verifyTheAxisDirectInvestAccountOptionPresentInAccountsOption" time="10.596"/>
  <system-out/>
  <testcase classname="Explore_Products_Tab.VerifyAccountsOption" name="verifyTheAxisDirectInvestAccountOptionPresentInAccountsOption" time="0.000">
    <skipped/>
  </testcase> <!-- verifyTheAxisDirectInvestAccountOptionPresentInAccountsOption -->
  <system-out/>
  <testcase classname="Explore_Products_Tab.VerifyAccountsOption" name="verifyTheAxisActiveOptionPresentInAccountsOption" time="16.312"/>
  <system-out/>
  <testcase classname="Explore_Products_Tab.VerifyAccountsOption" name="verifyTheAxisActiveOptionPresentInAccountsOption" time="0.000">
    <skipped/>
  </testcase> <!-- verifyTheAxisActiveOptionPresentInAccountsOption -->
  <system-out/>
  <testcase classname="Explore_Products_Tab.VerifyAccountsOption" name="verifyTheAxisActiveOptionPresentInAccountsOption" time="0.000">
    <skipped/>
  </testcase> <!-- verifyTheAxisActiveOptionPresentInAccountsOption -->
  <system-out/>
</testsuite> <!-- Explore_Products_Tab.VerifyAccountsOption -->
