<?xml version="1.0" encoding="UTF-8"?>
<!-- Generated by org.testng.reporters.JUnitReportReporter -->
<testsuite hostname="DESKTOP-FTIU28S" failures="0" tests="3" name="Home_Page.VerifyLoginTab" time="285.978" errors="0" timestamp="2023-03-25T10:49:00 IST" skipped="0">
  <testcase classname="Home_Page.VerifyLoginTab" name="verifyAllTheOptionsPresentInLoginTab" time="31.705"/>
  <system-out/>
  <testcase classname="Home_Page.VerifyLoginTab" name="verifyAllTheOptionsPresentInLoginTab" time="122.948"/>
  <system-out/>
  <testcase classname="Home_Page.VerifyLoginTab" name="verifyAllTheOptionsPresentInLoginTab" time="131.325"/>
  <system-out/>
</testsuite> <!-- Home_Page.VerifyLoginTab -->
